<?xml version="1.0" encoding="UTF-8"?>
<testsuite name="ru.usetech.pft.velobike.Tests.PagesTests.MainPageTests" tests="1" skipped="1" failures="0" errors="0" timestamp="2019-01-18T14:24:12" hostname="GUITARHERO" time="0.0">
  <properties/>
  <testcase name="Test3GoToParkingsPageTest" classname="ru.usetech.pft.velobike.Tests.PagesTests.MainPageTests" time="0.0">
    <skipped/>
  </testcase>
  <system-out><![CDATA[]]></system-out>
  <system-err><![CDATA[]]></system-err>
</testsuite>
