<?xml version="1.0" encoding="UTF-8"?>
<testsuite name="ru.usetech.pft.velobike.Tests.TEST" tests="1" skipped="0" failures="0" errors="0" timestamp="2019-01-17T20:44:01" hostname="DESKTOP-F9751PS" time="0.0">
  <properties/>
  <testcase name="TestPricePagde" classname="ru.usetech.pft.velobike.Tests.TEST" time="0.0"/>
  <system-out><![CDATA[]]></system-out>
  <system-err><![CDATA[]]></system-err>
</testsuite>
