<?xml version="1.0" encoding="UTF-8"?>
<testsuite name="ru.usetech.pft.velobike.Tests.PagesTests.ElectroVelobikePageTests" tests="3" skipped="3" failures="0" errors="0" timestamp="2019-01-18T14:24:12" hostname="GUITARHERO" time="0.004">
  <properties/>
  <testcase name="Test1" classname="ru.usetech.pft.velobike.Tests.PagesTests.ElectroVelobikePageTests" time="0.0">
    <skipped/>
  </testcase>
  <testcase name="Test2" classname="ru.usetech.pft.velobike.Tests.PagesTests.ElectroVelobikePageTests" time="0.0">
    <skipped/>
  </testcase>
  <testcase name="Test3" classname="ru.usetech.pft.velobike.Tests.PagesTests.ElectroVelobikePageTests" time="0.0">
    <skipped/>
  </testcase>
  <system-out><![CDATA[]]></system-out>
  <system-err><![CDATA[]]></system-err>
</testsuite>
