<?xml version="1.0" encoding="UTF-8"?>
<testsuite name="ru.usetech.pft.velobike.Tests.PagesTests.NewsPageTests" tests="4" skipped="4" failures="0" errors="0" timestamp="2019-01-18T14:24:12" hostname="GUITARHERO" time="0.003">
  <properties/>
  <testcase name="Test1IsNewsOnPage" classname="ru.usetech.pft.velobike.Tests.PagesTests.NewsPageTests" time="0.0">
    <skipped/>
  </testcase>
  <testcase name="Test2NewsObject" classname="ru.usetech.pft.velobike.Tests.PagesTests.NewsPageTests" time="0.0">
    <skipped/>
  </testcase>
  <testcase name="Test3GoToVKPage" classname="ru.usetech.pft.velobike.Tests.PagesTests.NewsPageTests" time="0.0">
    <skipped/>
  </testcase>
  <testcase name="Test4GoToFacebookPage" classname="ru.usetech.pft.velobike.Tests.PagesTests.NewsPageTests" time="0.0">
    <skipped/>
  </testcase>
  <system-out><![CDATA[]]></system-out>
  <system-err><![CDATA[]]></system-err>
</testsuite>
